C:\USERS\BEN\DOCUMENTS\GITHUB\COCKTAIL-MASTER\COCKTAILMASTER\DATAANALYSIS\DATAANALYSIS\DEBUG\SOURCE.OBJ
C:\USERS\BEN\DOCUMENTS\GITHUB\COCKTAIL-MASTER\COCKTAILMASTER\DATAANALYSIS\DATAANALYSIS\DEBUG\INGREDIENT.OBJ
C:\USERS\BEN\DOCUMENTS\GITHUB\COCKTAIL-MASTER\COCKTAILMASTER\DATAANALYSIS\DATAANALYSIS\DEBUG\VC110.PDB
C:\USERS\BEN\DOCUMENTS\GITHUB\COCKTAIL-MASTER\COCKTAILMASTER\DATAANALYSIS\DATAANALYSIS\DEBUG\RECIPE.OBJ
C:\USERS\BEN\DOCUMENTS\GITHUB\COCKTAIL-MASTER\COCKTAILMASTER\DATAANALYSIS\DEBUG\DATAANALYSIS.ILK
C:\USERS\BEN\DOCUMENTS\GITHUB\COCKTAIL-MASTER\COCKTAILMASTER\DATAANALYSIS\DEBUG\DATAANALYSIS.EXE
C:\USERS\BEN\DOCUMENTS\GITHUB\COCKTAIL-MASTER\COCKTAILMASTER\DATAANALYSIS\DEBUG\DATAANALYSIS.PDB
C:\Users\Ben\Documents\GitHub\Cocktail-Master\CocktailMaster\DataAnalysis\DataAnalysis\Debug\Ingredient.obj
C:\Users\Ben\Documents\GitHub\Cocktail-Master\CocktailMaster\DataAnalysis\DataAnalysis\Debug\Recipe.obj
C:\Users\Ben\Documents\GitHub\Cocktail-Master\CocktailMaster\DataAnalysis\DataAnalysis\Debug\cl.command.1.tlog
C:\Users\Ben\Documents\GitHub\Cocktail-Master\CocktailMaster\DataAnalysis\DataAnalysis\Debug\CL.read.1.tlog
C:\Users\Ben\Documents\GitHub\Cocktail-Master\CocktailMaster\DataAnalysis\DataAnalysis\Debug\CL.write.1.tlog
C:\Users\Ben\Documents\GitHub\Cocktail-Master\CocktailMaster\DataAnalysis\DataAnalysis\Debug\link-cvtres.read.1.tlog
C:\Users\Ben\Documents\GitHub\Cocktail-Master\CocktailMaster\DataAnalysis\DataAnalysis\Debug\link-cvtres.write.1.tlog
C:\Users\Ben\Documents\GitHub\Cocktail-Master\CocktailMaster\DataAnalysis\DataAnalysis\Debug\link-rc.read.1.tlog
C:\Users\Ben\Documents\GitHub\Cocktail-Master\CocktailMaster\DataAnalysis\DataAnalysis\Debug\link-rc.write.1.tlog
C:\Users\Ben\Documents\GitHub\Cocktail-Master\CocktailMaster\DataAnalysis\DataAnalysis\Debug\link.10596-cvtres.read.1.tlog
C:\Users\Ben\Documents\GitHub\Cocktail-Master\CocktailMaster\DataAnalysis\DataAnalysis\Debug\link.10596-cvtres.write.1.tlog
C:\Users\Ben\Documents\GitHub\Cocktail-Master\CocktailMaster\DataAnalysis\DataAnalysis\Debug\link.10596-rc.read.1.tlog
C:\Users\Ben\Documents\GitHub\Cocktail-Master\CocktailMaster\DataAnalysis\DataAnalysis\Debug\link.10596-rc.write.1.tlog
C:\Users\Ben\Documents\GitHub\Cocktail-Master\CocktailMaster\DataAnalysis\DataAnalysis\Debug\link.10596.read.1.tlog
C:\Users\Ben\Documents\GitHub\Cocktail-Master\CocktailMaster\DataAnalysis\DataAnalysis\Debug\link.10596.write.1.tlog
C:\Users\Ben\Documents\GitHub\Cocktail-Master\CocktailMaster\DataAnalysis\DataAnalysis\Debug\link.1172-cvtres.read.1.tlog
C:\Users\Ben\Documents\GitHub\Cocktail-Master\CocktailMaster\DataAnalysis\DataAnalysis\Debug\link.1172-cvtres.write.1.tlog
C:\Users\Ben\Documents\GitHub\Cocktail-Master\CocktailMaster\DataAnalysis\DataAnalysis\Debug\link.1172-rc.read.1.tlog
C:\Users\Ben\Documents\GitHub\Cocktail-Master\CocktailMaster\DataAnalysis\DataAnalysis\Debug\link.1172-rc.write.1.tlog
C:\Users\Ben\Documents\GitHub\Cocktail-Master\CocktailMaster\DataAnalysis\DataAnalysis\Debug\link.1172.read.1.tlog
C:\Users\Ben\Documents\GitHub\Cocktail-Master\CocktailMaster\DataAnalysis\DataAnalysis\Debug\link.1172.write.1.tlog
C:\Users\Ben\Documents\GitHub\Cocktail-Master\CocktailMaster\DataAnalysis\DataAnalysis\Debug\link.2456-cvtres.read.1.tlog
C:\Users\Ben\Documents\GitHub\Cocktail-Master\CocktailMaster\DataAnalysis\DataAnalysis\Debug\link.2456-cvtres.write.1.tlog
C:\Users\Ben\Documents\GitHub\Cocktail-Master\CocktailMaster\DataAnalysis\DataAnalysis\Debug\link.2456-rc.read.1.tlog
C:\Users\Ben\Documents\GitHub\Cocktail-Master\CocktailMaster\DataAnalysis\DataAnalysis\Debug\link.2456-rc.write.1.tlog
C:\Users\Ben\Documents\GitHub\Cocktail-Master\CocktailMaster\DataAnalysis\DataAnalysis\Debug\link.2456.read.1.tlog
C:\Users\Ben\Documents\GitHub\Cocktail-Master\CocktailMaster\DataAnalysis\DataAnalysis\Debug\link.2456.write.1.tlog
C:\Users\Ben\Documents\GitHub\Cocktail-Master\CocktailMaster\DataAnalysis\DataAnalysis\Debug\link.3364-cvtres.read.1.tlog
C:\Users\Ben\Documents\GitHub\Cocktail-Master\CocktailMaster\DataAnalysis\DataAnalysis\Debug\link.3364-cvtres.write.1.tlog
C:\Users\Ben\Documents\GitHub\Cocktail-Master\CocktailMaster\DataAnalysis\DataAnalysis\Debug\link.3364-rc.read.1.tlog
C:\Users\Ben\Documents\GitHub\Cocktail-Master\CocktailMaster\DataAnalysis\DataAnalysis\Debug\link.3364-rc.write.1.tlog
C:\Users\Ben\Documents\GitHub\Cocktail-Master\CocktailMaster\DataAnalysis\DataAnalysis\Debug\link.3364.read.1.tlog
C:\Users\Ben\Documents\GitHub\Cocktail-Master\CocktailMaster\DataAnalysis\DataAnalysis\Debug\link.3364.write.1.tlog
C:\Users\Ben\Documents\GitHub\Cocktail-Master\CocktailMaster\DataAnalysis\DataAnalysis\Debug\link.3860-cvtres.read.1.tlog
C:\Users\Ben\Documents\GitHub\Cocktail-Master\CocktailMaster\DataAnalysis\DataAnalysis\Debug\link.3860-cvtres.write.1.tlog
C:\Users\Ben\Documents\GitHub\Cocktail-Master\CocktailMaster\DataAnalysis\DataAnalysis\Debug\link.3860-rc.read.1.tlog
C:\Users\Ben\Documents\GitHub\Cocktail-Master\CocktailMaster\DataAnalysis\DataAnalysis\Debug\link.3860-rc.write.1.tlog
C:\Users\Ben\Documents\GitHub\Cocktail-Master\CocktailMaster\DataAnalysis\DataAnalysis\Debug\link.3860.read.1.tlog
C:\Users\Ben\Documents\GitHub\Cocktail-Master\CocktailMaster\DataAnalysis\DataAnalysis\Debug\link.3860.write.1.tlog
C:\Users\Ben\Documents\GitHub\Cocktail-Master\CocktailMaster\DataAnalysis\DataAnalysis\Debug\link.4592-cvtres.read.1.tlog
C:\Users\Ben\Documents\GitHub\Cocktail-Master\CocktailMaster\DataAnalysis\DataAnalysis\Debug\link.4592-cvtres.write.1.tlog
C:\Users\Ben\Documents\GitHub\Cocktail-Master\CocktailMaster\DataAnalysis\DataAnalysis\Debug\link.4592-rc.read.1.tlog
C:\Users\Ben\Documents\GitHub\Cocktail-Master\CocktailMaster\DataAnalysis\DataAnalysis\Debug\link.4592-rc.write.1.tlog
C:\Users\Ben\Documents\GitHub\Cocktail-Master\CocktailMaster\DataAnalysis\DataAnalysis\Debug\link.4592.read.1.tlog
C:\Users\Ben\Documents\GitHub\Cocktail-Master\CocktailMaster\DataAnalysis\DataAnalysis\Debug\link.4592.write.1.tlog
C:\Users\Ben\Documents\GitHub\Cocktail-Master\CocktailMaster\DataAnalysis\DataAnalysis\Debug\link.4980-cvtres.read.1.tlog
C:\Users\Ben\Documents\GitHub\Cocktail-Master\CocktailMaster\DataAnalysis\DataAnalysis\Debug\link.4980-cvtres.write.1.tlog
C:\Users\Ben\Documents\GitHub\Cocktail-Master\CocktailMaster\DataAnalysis\DataAnalysis\Debug\link.4980-rc.read.1.tlog
C:\Users\Ben\Documents\GitHub\Cocktail-Master\CocktailMaster\DataAnalysis\DataAnalysis\Debug\link.4980-rc.write.1.tlog
C:\Users\Ben\Documents\GitHub\Cocktail-Master\CocktailMaster\DataAnalysis\DataAnalysis\Debug\link.4980.read.1.tlog
C:\Users\Ben\Documents\GitHub\Cocktail-Master\CocktailMaster\DataAnalysis\DataAnalysis\Debug\link.4980.write.1.tlog
C:\Users\Ben\Documents\GitHub\Cocktail-Master\CocktailMaster\DataAnalysis\DataAnalysis\Debug\link.5128-cvtres.read.1.tlog
C:\Users\Ben\Documents\GitHub\Cocktail-Master\CocktailMaster\DataAnalysis\DataAnalysis\Debug\link.5128-cvtres.write.1.tlog
C:\Users\Ben\Documents\GitHub\Cocktail-Master\CocktailMaster\DataAnalysis\DataAnalysis\Debug\link.5128-rc.read.1.tlog
C:\Users\Ben\Documents\GitHub\Cocktail-Master\CocktailMaster\DataAnalysis\DataAnalysis\Debug\link.5128-rc.write.1.tlog
C:\Users\Ben\Documents\GitHub\Cocktail-Master\CocktailMaster\DataAnalysis\DataAnalysis\Debug\link.5128.read.1.tlog
C:\Users\Ben\Documents\GitHub\Cocktail-Master\CocktailMaster\DataAnalysis\DataAnalysis\Debug\link.5128.write.1.tlog
C:\Users\Ben\Documents\GitHub\Cocktail-Master\CocktailMaster\DataAnalysis\DataAnalysis\Debug\link.5512-cvtres.read.1.tlog
C:\Users\Ben\Documents\GitHub\Cocktail-Master\CocktailMaster\DataAnalysis\DataAnalysis\Debug\link.5512-cvtres.write.1.tlog
C:\Users\Ben\Documents\GitHub\Cocktail-Master\CocktailMaster\DataAnalysis\DataAnalysis\Debug\link.5512-rc.read.1.tlog
C:\Users\Ben\Documents\GitHub\Cocktail-Master\CocktailMaster\DataAnalysis\DataAnalysis\Debug\link.5512-rc.write.1.tlog
C:\Users\Ben\Documents\GitHub\Cocktail-Master\CocktailMaster\DataAnalysis\DataAnalysis\Debug\link.5512.read.1.tlog
C:\Users\Ben\Documents\GitHub\Cocktail-Master\CocktailMaster\DataAnalysis\DataAnalysis\Debug\link.5512.write.1.tlog
C:\Users\Ben\Documents\GitHub\Cocktail-Master\CocktailMaster\DataAnalysis\DataAnalysis\Debug\link.5732-cvtres.read.1.tlog
C:\Users\Ben\Documents\GitHub\Cocktail-Master\CocktailMaster\DataAnalysis\DataAnalysis\Debug\link.5732-cvtres.write.1.tlog
C:\Users\Ben\Documents\GitHub\Cocktail-Master\CocktailMaster\DataAnalysis\DataAnalysis\Debug\link.5732-rc.read.1.tlog
C:\Users\Ben\Documents\GitHub\Cocktail-Master\CocktailMaster\DataAnalysis\DataAnalysis\Debug\link.5732-rc.write.1.tlog
C:\Users\Ben\Documents\GitHub\Cocktail-Master\CocktailMaster\DataAnalysis\DataAnalysis\Debug\link.5732.read.1.tlog
C:\Users\Ben\Documents\GitHub\Cocktail-Master\CocktailMaster\DataAnalysis\DataAnalysis\Debug\link.5732.write.1.tlog
C:\Users\Ben\Documents\GitHub\Cocktail-Master\CocktailMaster\DataAnalysis\DataAnalysis\Debug\link.6040-cvtres.read.1.tlog
C:\Users\Ben\Documents\GitHub\Cocktail-Master\CocktailMaster\DataAnalysis\DataAnalysis\Debug\link.6040-cvtres.write.1.tlog
C:\Users\Ben\Documents\GitHub\Cocktail-Master\CocktailMaster\DataAnalysis\DataAnalysis\Debug\link.6040-rc.read.1.tlog
C:\Users\Ben\Documents\GitHub\Cocktail-Master\CocktailMaster\DataAnalysis\DataAnalysis\Debug\link.6040-rc.write.1.tlog
C:\Users\Ben\Documents\GitHub\Cocktail-Master\CocktailMaster\DataAnalysis\DataAnalysis\Debug\link.6040.read.1.tlog
C:\Users\Ben\Documents\GitHub\Cocktail-Master\CocktailMaster\DataAnalysis\DataAnalysis\Debug\link.6040.write.1.tlog
C:\Users\Ben\Documents\GitHub\Cocktail-Master\CocktailMaster\DataAnalysis\DataAnalysis\Debug\link.6536-cvtres.read.1.tlog
C:\Users\Ben\Documents\GitHub\Cocktail-Master\CocktailMaster\DataAnalysis\DataAnalysis\Debug\link.6536-cvtres.write.1.tlog
C:\Users\Ben\Documents\GitHub\Cocktail-Master\CocktailMaster\DataAnalysis\DataAnalysis\Debug\link.6536-rc.read.1.tlog
C:\Users\Ben\Documents\GitHub\Cocktail-Master\CocktailMaster\DataAnalysis\DataAnalysis\Debug\link.6536-rc.write.1.tlog
C:\Users\Ben\Documents\GitHub\Cocktail-Master\CocktailMaster\DataAnalysis\DataAnalysis\Debug\link.6536.read.1.tlog
C:\Users\Ben\Documents\GitHub\Cocktail-Master\CocktailMaster\DataAnalysis\DataAnalysis\Debug\link.6536.write.1.tlog
C:\Users\Ben\Documents\GitHub\Cocktail-Master\CocktailMaster\DataAnalysis\DataAnalysis\Debug\link.6648-cvtres.read.1.tlog
C:\Users\Ben\Documents\GitHub\Cocktail-Master\CocktailMaster\DataAnalysis\DataAnalysis\Debug\link.6648-cvtres.write.1.tlog
C:\Users\Ben\Documents\GitHub\Cocktail-Master\CocktailMaster\DataAnalysis\DataAnalysis\Debug\link.6648-rc.read.1.tlog
C:\Users\Ben\Documents\GitHub\Cocktail-Master\CocktailMaster\DataAnalysis\DataAnalysis\Debug\link.6648-rc.write.1.tlog
C:\Users\Ben\Documents\GitHub\Cocktail-Master\CocktailMaster\DataAnalysis\DataAnalysis\Debug\link.6648.read.1.tlog
C:\Users\Ben\Documents\GitHub\Cocktail-Master\CocktailMaster\DataAnalysis\DataAnalysis\Debug\link.6648.write.1.tlog
C:\Users\Ben\Documents\GitHub\Cocktail-Master\CocktailMaster\DataAnalysis\DataAnalysis\Debug\link.6816-cvtres.read.1.tlog
C:\Users\Ben\Documents\GitHub\Cocktail-Master\CocktailMaster\DataAnalysis\DataAnalysis\Debug\link.6816-cvtres.write.1.tlog
C:\Users\Ben\Documents\GitHub\Cocktail-Master\CocktailMaster\DataAnalysis\DataAnalysis\Debug\link.6816-rc.read.1.tlog
C:\Users\Ben\Documents\GitHub\Cocktail-Master\CocktailMaster\DataAnalysis\DataAnalysis\Debug\link.6816-rc.write.1.tlog
C:\Users\Ben\Documents\GitHub\Cocktail-Master\CocktailMaster\DataAnalysis\DataAnalysis\Debug\link.6816.read.1.tlog
C:\Users\Ben\Documents\GitHub\Cocktail-Master\CocktailMaster\DataAnalysis\DataAnalysis\Debug\link.6816.write.1.tlog
C:\Users\Ben\Documents\GitHub\Cocktail-Master\CocktailMaster\DataAnalysis\DataAnalysis\Debug\link.7032-cvtres.read.1.tlog
C:\Users\Ben\Documents\GitHub\Cocktail-Master\CocktailMaster\DataAnalysis\DataAnalysis\Debug\link.7032-cvtres.write.1.tlog
C:\Users\Ben\Documents\GitHub\Cocktail-Master\CocktailMaster\DataAnalysis\DataAnalysis\Debug\link.7032-rc.read.1.tlog
C:\Users\Ben\Documents\GitHub\Cocktail-Master\CocktailMaster\DataAnalysis\DataAnalysis\Debug\link.7032-rc.write.1.tlog
C:\Users\Ben\Documents\GitHub\Cocktail-Master\CocktailMaster\DataAnalysis\DataAnalysis\Debug\link.7032.read.1.tlog
C:\Users\Ben\Documents\GitHub\Cocktail-Master\CocktailMaster\DataAnalysis\DataAnalysis\Debug\link.7032.write.1.tlog
C:\Users\Ben\Documents\GitHub\Cocktail-Master\CocktailMaster\DataAnalysis\DataAnalysis\Debug\link.7092-cvtres.read.1.tlog
C:\Users\Ben\Documents\GitHub\Cocktail-Master\CocktailMaster\DataAnalysis\DataAnalysis\Debug\link.7092-cvtres.write.1.tlog
C:\Users\Ben\Documents\GitHub\Cocktail-Master\CocktailMaster\DataAnalysis\DataAnalysis\Debug\link.7092-rc.read.1.tlog
C:\Users\Ben\Documents\GitHub\Cocktail-Master\CocktailMaster\DataAnalysis\DataAnalysis\Debug\link.7092-rc.write.1.tlog
C:\Users\Ben\Documents\GitHub\Cocktail-Master\CocktailMaster\DataAnalysis\DataAnalysis\Debug\link.7092.read.1.tlog
C:\Users\Ben\Documents\GitHub\Cocktail-Master\CocktailMaster\DataAnalysis\DataAnalysis\Debug\link.7092.write.1.tlog
C:\Users\Ben\Documents\GitHub\Cocktail-Master\CocktailMaster\DataAnalysis\DataAnalysis\Debug\link.7180-cvtres.read.1.tlog
C:\Users\Ben\Documents\GitHub\Cocktail-Master\CocktailMaster\DataAnalysis\DataAnalysis\Debug\link.7180-cvtres.write.1.tlog
C:\Users\Ben\Documents\GitHub\Cocktail-Master\CocktailMaster\DataAnalysis\DataAnalysis\Debug\link.7180-rc.read.1.tlog
C:\Users\Ben\Documents\GitHub\Cocktail-Master\CocktailMaster\DataAnalysis\DataAnalysis\Debug\link.7180-rc.write.1.tlog
C:\Users\Ben\Documents\GitHub\Cocktail-Master\CocktailMaster\DataAnalysis\DataAnalysis\Debug\link.7180.read.1.tlog
C:\Users\Ben\Documents\GitHub\Cocktail-Master\CocktailMaster\DataAnalysis\DataAnalysis\Debug\link.7180.write.1.tlog
C:\Users\Ben\Documents\GitHub\Cocktail-Master\CocktailMaster\DataAnalysis\DataAnalysis\Debug\link.7332-cvtres.read.1.tlog
C:\Users\Ben\Documents\GitHub\Cocktail-Master\CocktailMaster\DataAnalysis\DataAnalysis\Debug\link.7332-cvtres.write.1.tlog
C:\Users\Ben\Documents\GitHub\Cocktail-Master\CocktailMaster\DataAnalysis\DataAnalysis\Debug\link.7332-rc.read.1.tlog
C:\Users\Ben\Documents\GitHub\Cocktail-Master\CocktailMaster\DataAnalysis\DataAnalysis\Debug\link.7332-rc.write.1.tlog
C:\Users\Ben\Documents\GitHub\Cocktail-Master\CocktailMaster\DataAnalysis\DataAnalysis\Debug\link.7332.read.1.tlog
C:\Users\Ben\Documents\GitHub\Cocktail-Master\CocktailMaster\DataAnalysis\DataAnalysis\Debug\link.7332.write.1.tlog
C:\Users\Ben\Documents\GitHub\Cocktail-Master\CocktailMaster\DataAnalysis\DataAnalysis\Debug\link.7376-cvtres.read.1.tlog
C:\Users\Ben\Documents\GitHub\Cocktail-Master\CocktailMaster\DataAnalysis\DataAnalysis\Debug\link.7376-cvtres.write.1.tlog
C:\Users\Ben\Documents\GitHub\Cocktail-Master\CocktailMaster\DataAnalysis\DataAnalysis\Debug\link.7376-rc.read.1.tlog
C:\Users\Ben\Documents\GitHub\Cocktail-Master\CocktailMaster\DataAnalysis\DataAnalysis\Debug\link.7376-rc.write.1.tlog
C:\Users\Ben\Documents\GitHub\Cocktail-Master\CocktailMaster\DataAnalysis\DataAnalysis\Debug\link.7376.read.1.tlog
C:\Users\Ben\Documents\GitHub\Cocktail-Master\CocktailMaster\DataAnalysis\DataAnalysis\Debug\link.7376.write.1.tlog
C:\Users\Ben\Documents\GitHub\Cocktail-Master\CocktailMaster\DataAnalysis\DataAnalysis\Debug\link.7680-cvtres.read.1.tlog
C:\Users\Ben\Documents\GitHub\Cocktail-Master\CocktailMaster\DataAnalysis\DataAnalysis\Debug\link.7680-cvtres.write.1.tlog
C:\Users\Ben\Documents\GitHub\Cocktail-Master\CocktailMaster\DataAnalysis\DataAnalysis\Debug\link.7680-rc.read.1.tlog
C:\Users\Ben\Documents\GitHub\Cocktail-Master\CocktailMaster\DataAnalysis\DataAnalysis\Debug\link.7680-rc.write.1.tlog
C:\Users\Ben\Documents\GitHub\Cocktail-Master\CocktailMaster\DataAnalysis\DataAnalysis\Debug\link.7680.read.1.tlog
C:\Users\Ben\Documents\GitHub\Cocktail-Master\CocktailMaster\DataAnalysis\DataAnalysis\Debug\link.7680.write.1.tlog
C:\Users\Ben\Documents\GitHub\Cocktail-Master\CocktailMaster\DataAnalysis\DataAnalysis\Debug\link.8064-cvtres.read.1.tlog
C:\Users\Ben\Documents\GitHub\Cocktail-Master\CocktailMaster\DataAnalysis\DataAnalysis\Debug\link.8064-cvtres.write.1.tlog
C:\Users\Ben\Documents\GitHub\Cocktail-Master\CocktailMaster\DataAnalysis\DataAnalysis\Debug\link.8064-rc.read.1.tlog
C:\Users\Ben\Documents\GitHub\Cocktail-Master\CocktailMaster\DataAnalysis\DataAnalysis\Debug\link.8064-rc.write.1.tlog
C:\Users\Ben\Documents\GitHub\Cocktail-Master\CocktailMaster\DataAnalysis\DataAnalysis\Debug\link.8064.read.1.tlog
C:\Users\Ben\Documents\GitHub\Cocktail-Master\CocktailMaster\DataAnalysis\DataAnalysis\Debug\link.8064.write.1.tlog
C:\Users\Ben\Documents\GitHub\Cocktail-Master\CocktailMaster\DataAnalysis\DataAnalysis\Debug\link.8320-cvtres.read.1.tlog
C:\Users\Ben\Documents\GitHub\Cocktail-Master\CocktailMaster\DataAnalysis\DataAnalysis\Debug\link.8320-cvtres.write.1.tlog
C:\Users\Ben\Documents\GitHub\Cocktail-Master\CocktailMaster\DataAnalysis\DataAnalysis\Debug\link.8320-rc.read.1.tlog
C:\Users\Ben\Documents\GitHub\Cocktail-Master\CocktailMaster\DataAnalysis\DataAnalysis\Debug\link.8320-rc.write.1.tlog
C:\Users\Ben\Documents\GitHub\Cocktail-Master\CocktailMaster\DataAnalysis\DataAnalysis\Debug\link.8320.read.1.tlog
C:\Users\Ben\Documents\GitHub\Cocktail-Master\CocktailMaster\DataAnalysis\DataAnalysis\Debug\link.8320.write.1.tlog
C:\Users\Ben\Documents\GitHub\Cocktail-Master\CocktailMaster\DataAnalysis\DataAnalysis\Debug\link.8968-cvtres.read.1.tlog
C:\Users\Ben\Documents\GitHub\Cocktail-Master\CocktailMaster\DataAnalysis\DataAnalysis\Debug\link.8968-cvtres.write.1.tlog
C:\Users\Ben\Documents\GitHub\Cocktail-Master\CocktailMaster\DataAnalysis\DataAnalysis\Debug\link.8968-rc.read.1.tlog
C:\Users\Ben\Documents\GitHub\Cocktail-Master\CocktailMaster\DataAnalysis\DataAnalysis\Debug\link.8968-rc.write.1.tlog
C:\Users\Ben\Documents\GitHub\Cocktail-Master\CocktailMaster\DataAnalysis\DataAnalysis\Debug\link.8968.read.1.tlog
C:\Users\Ben\Documents\GitHub\Cocktail-Master\CocktailMaster\DataAnalysis\DataAnalysis\Debug\link.8968.write.1.tlog
C:\Users\Ben\Documents\GitHub\Cocktail-Master\CocktailMaster\DataAnalysis\DataAnalysis\Debug\link.9020-cvtres.read.1.tlog
C:\Users\Ben\Documents\GitHub\Cocktail-Master\CocktailMaster\DataAnalysis\DataAnalysis\Debug\link.9020-cvtres.write.1.tlog
C:\Users\Ben\Documents\GitHub\Cocktail-Master\CocktailMaster\DataAnalysis\DataAnalysis\Debug\link.9020-rc.read.1.tlog
C:\Users\Ben\Documents\GitHub\Cocktail-Master\CocktailMaster\DataAnalysis\DataAnalysis\Debug\link.9020-rc.write.1.tlog
C:\Users\Ben\Documents\GitHub\Cocktail-Master\CocktailMaster\DataAnalysis\DataAnalysis\Debug\link.9020.read.1.tlog
C:\Users\Ben\Documents\GitHub\Cocktail-Master\CocktailMaster\DataAnalysis\DataAnalysis\Debug\link.9020.write.1.tlog
C:\Users\Ben\Documents\GitHub\Cocktail-Master\CocktailMaster\DataAnalysis\DataAnalysis\Debug\link.9048-cvtres.read.1.tlog
C:\Users\Ben\Documents\GitHub\Cocktail-Master\CocktailMaster\DataAnalysis\DataAnalysis\Debug\link.9048-cvtres.write.1.tlog
C:\Users\Ben\Documents\GitHub\Cocktail-Master\CocktailMaster\DataAnalysis\DataAnalysis\Debug\link.9048-rc.read.1.tlog
C:\Users\Ben\Documents\GitHub\Cocktail-Master\CocktailMaster\DataAnalysis\DataAnalysis\Debug\link.9048-rc.write.1.tlog
C:\Users\Ben\Documents\GitHub\Cocktail-Master\CocktailMaster\DataAnalysis\DataAnalysis\Debug\link.9048.read.1.tlog
C:\Users\Ben\Documents\GitHub\Cocktail-Master\CocktailMaster\DataAnalysis\DataAnalysis\Debug\link.9048.write.1.tlog
C:\Users\Ben\Documents\GitHub\Cocktail-Master\CocktailMaster\DataAnalysis\DataAnalysis\Debug\link.9172-cvtres.read.1.tlog
C:\Users\Ben\Documents\GitHub\Cocktail-Master\CocktailMaster\DataAnalysis\DataAnalysis\Debug\link.9172-cvtres.write.1.tlog
C:\Users\Ben\Documents\GitHub\Cocktail-Master\CocktailMaster\DataAnalysis\DataAnalysis\Debug\link.9172-rc.read.1.tlog
C:\Users\Ben\Documents\GitHub\Cocktail-Master\CocktailMaster\DataAnalysis\DataAnalysis\Debug\link.9172-rc.write.1.tlog
C:\Users\Ben\Documents\GitHub\Cocktail-Master\CocktailMaster\DataAnalysis\DataAnalysis\Debug\link.9172.read.1.tlog
C:\Users\Ben\Documents\GitHub\Cocktail-Master\CocktailMaster\DataAnalysis\DataAnalysis\Debug\link.9172.write.1.tlog
C:\Users\Ben\Documents\GitHub\Cocktail-Master\CocktailMaster\DataAnalysis\DataAnalysis\Debug\link.command.1.tlog
C:\Users\Ben\Documents\GitHub\Cocktail-Master\CocktailMaster\DataAnalysis\DataAnalysis\Debug\link.read.1.tlog
C:\Users\Ben\Documents\GitHub\Cocktail-Master\CocktailMaster\DataAnalysis\DataAnalysis\Debug\link.write.1.tlog
C:\Users\Ben\Documents\GitHub\Cocktail-Master\CocktailMaster\DataAnalysis\DataAnalysis\Debug\vc110.idb
C:\Users\Ben\Documents\GitHub\Cocktail-Master\CocktailMaster\DataAnalysis\DataAnalysis\Debug\vc110.pdb
C:\Users\Ben\Documents\GitHub\Cocktail-Master\CocktailMaster\DataAnalysis\Debug\DataAnalysis.pdb
C:\Users\Ben\Documents\GitHub\Cocktail-Master\CocktailMaster\DataAnalysis\Debug\DataAnalysis.exe
C:\Users\Ben\Documents\GitHub\Cocktail-Master\CocktailMaster\DataAnalysis\Debug\DataAnalysis.ilk
