C:\USERS\BEN\DOCUMENTS\GITHUB\COCKTAIL-MASTER\COCKTAILMASTER\RELEASE\SOURCE.OBJ
C:\USERS\BEN\DOCUMENTS\GITHUB\COCKTAIL-MASTER\COCKTAILMASTER\RELEASE\NO_SOLUTION.OBJ
C:\USERS\BEN\DOCUMENTS\GITHUB\COCKTAIL-MASTER\COCKTAILMASTER\RELEASE\MULTIPLE_SOLUTIONS.OBJ
C:\USERS\BEN\DOCUMENTS\GITHUB\COCKTAIL-MASTER\COCKTAILMASTER\RELEASE\INGREDIENT.OBJ
C:\USERS\BEN\DOCUMENTS\GITHUB\COCKTAIL-MASTER\COCKTAILMASTER\RELEASE\COCKTAIL.OBJ
C:\USERS\BEN\DOCUMENTS\GITHUB\COCKTAIL-MASTER\COCKTAILMASTER\RELEASE\VC110.PDB
C:\USERS\BEN\DOCUMENTS\GITHUB\COCKTAIL-MASTER\RELEASE\COCKTAILMASTER.EXE
C:\USERS\BEN\DOCUMENTS\GITHUB\COCKTAIL-MASTER\RELEASE\COCKTAILMASTER.PDB
C:\Users\Ben\Documents\GitHub\Cocktail-Master\CocktailMaster\Release\Cocktail.obj
C:\Users\Ben\Documents\GitHub\Cocktail-Master\CocktailMaster\Release\Ingredient.obj
C:\Users\Ben\Documents\GitHub\Cocktail-Master\CocktailMaster\Release\multiple_solutions.obj
C:\Users\Ben\Documents\GitHub\Cocktail-Master\CocktailMaster\Release\no_solution.obj
C:\Users\Ben\Documents\GitHub\Cocktail-Master\CocktailMaster\Release\Source.obj
C:\Users\Ben\Documents\GitHub\Cocktail-Master\CocktailMaster\Release\cl.command.1.tlog
C:\Users\Ben\Documents\GitHub\Cocktail-Master\CocktailMaster\Release\CL.read.1.tlog
C:\Users\Ben\Documents\GitHub\Cocktail-Master\CocktailMaster\Release\CL.write.1.tlog
C:\Users\Ben\Documents\GitHub\Cocktail-Master\CocktailMaster\Release\link-cvtres.read.1.tlog
C:\Users\Ben\Documents\GitHub\Cocktail-Master\CocktailMaster\Release\link-cvtres.write.1.tlog
C:\Users\Ben\Documents\GitHub\Cocktail-Master\CocktailMaster\Release\link-rc.read.1.tlog
C:\Users\Ben\Documents\GitHub\Cocktail-Master\CocktailMaster\Release\link-rc.write.1.tlog
C:\Users\Ben\Documents\GitHub\Cocktail-Master\CocktailMaster\Release\link.command.1.tlog
C:\Users\Ben\Documents\GitHub\Cocktail-Master\CocktailMaster\Release\link.read.1.tlog
C:\Users\Ben\Documents\GitHub\Cocktail-Master\CocktailMaster\Release\link.write.1.tlog
C:\Users\Ben\Documents\GitHub\Cocktail-Master\CocktailMaster\Release\vc110.pdb
C:\Users\Ben\Documents\GitHub\Cocktail-Master\Release\CocktailMaster.pdb
C:\Users\Ben\Documents\GitHub\Cocktail-Master\Release\CocktailMaster.exe
