C:\USERS\BEN\DOCUMENTS\GITHUB\COCKTAIL-MASTER\COCKTAILMASTER\DEBUG\COCKTAIL.OBJ
C:\USERS\BEN\DOCUMENTS\GITHUB\COCKTAIL-MASTER\COCKTAILMASTER\DEBUG\INGREDIENT.OBJ
C:\USERS\BEN\DOCUMENTS\GITHUB\COCKTAIL-MASTER\COCKTAILMASTER\DEBUG\MULTIPLE_SOLUTIONS.OBJ
C:\USERS\BEN\DOCUMENTS\GITHUB\COCKTAIL-MASTER\COCKTAILMASTER\DEBUG\NO_SOLUTION.OBJ
C:\USERS\BEN\DOCUMENTS\GITHUB\COCKTAIL-MASTER\COCKTAILMASTER\DEBUG\SOURCE.OBJ
C:\USERS\BEN\DOCUMENTS\GITHUB\COCKTAIL-MASTER\COCKTAILMASTER\DEBUG\VC110.PDB
C:\USERS\BEN\DOCUMENTS\GITHUB\COCKTAIL-MASTER\DEBUG\COCKTAILMASTER.ILK
C:\USERS\BEN\DOCUMENTS\GITHUB\COCKTAIL-MASTER\DEBUG\COCKTAILMASTER.EXE
C:\USERS\BEN\DOCUMENTS\GITHUB\COCKTAIL-MASTER\DEBUG\COCKTAILMASTER.PDB
C:\Users\Ben\Documents\GitHub\Cocktail-Master\CocktailMaster\Debug\Cocktail.obj
C:\Users\Ben\Documents\GitHub\Cocktail-Master\CocktailMaster\Debug\Ingredient.obj
C:\Users\Ben\Documents\GitHub\Cocktail-Master\CocktailMaster\Debug\multiple_solutions.obj
C:\Users\Ben\Documents\GitHub\Cocktail-Master\CocktailMaster\Debug\no_solution.obj
C:\Users\Ben\Documents\GitHub\Cocktail-Master\CocktailMaster\Debug\Source.obj
C:\Users\Ben\Documents\GitHub\Cocktail-Master\CocktailMaster\Debug\cl.command.1.tlog
C:\Users\Ben\Documents\GitHub\Cocktail-Master\CocktailMaster\Debug\CL.read.1.tlog
C:\Users\Ben\Documents\GitHub\Cocktail-Master\CocktailMaster\Debug\CL.write.1.tlog
C:\Users\Ben\Documents\GitHub\Cocktail-Master\CocktailMaster\Debug\link-cvtres.read.1.tlog
C:\Users\Ben\Documents\GitHub\Cocktail-Master\CocktailMaster\Debug\link-cvtres.write.1.tlog
C:\Users\Ben\Documents\GitHub\Cocktail-Master\CocktailMaster\Debug\link-rc.read.1.tlog
C:\Users\Ben\Documents\GitHub\Cocktail-Master\CocktailMaster\Debug\link-rc.write.1.tlog
C:\Users\Ben\Documents\GitHub\Cocktail-Master\CocktailMaster\Debug\link.2172-cvtres.read.1.tlog
C:\Users\Ben\Documents\GitHub\Cocktail-Master\CocktailMaster\Debug\link.2172-cvtres.write.1.tlog
C:\Users\Ben\Documents\GitHub\Cocktail-Master\CocktailMaster\Debug\link.2172-rc.read.1.tlog
C:\Users\Ben\Documents\GitHub\Cocktail-Master\CocktailMaster\Debug\link.2172-rc.write.1.tlog
C:\Users\Ben\Documents\GitHub\Cocktail-Master\CocktailMaster\Debug\link.2172.read.1.tlog
C:\Users\Ben\Documents\GitHub\Cocktail-Master\CocktailMaster\Debug\link.2172.write.1.tlog
C:\Users\Ben\Documents\GitHub\Cocktail-Master\CocktailMaster\Debug\link.4744-cvtres.read.1.tlog
C:\Users\Ben\Documents\GitHub\Cocktail-Master\CocktailMaster\Debug\link.4744-cvtres.write.1.tlog
C:\Users\Ben\Documents\GitHub\Cocktail-Master\CocktailMaster\Debug\link.4744-rc.read.1.tlog
C:\Users\Ben\Documents\GitHub\Cocktail-Master\CocktailMaster\Debug\link.4744-rc.write.1.tlog
C:\Users\Ben\Documents\GitHub\Cocktail-Master\CocktailMaster\Debug\link.4744.read.1.tlog
C:\Users\Ben\Documents\GitHub\Cocktail-Master\CocktailMaster\Debug\link.4744.write.1.tlog
C:\Users\Ben\Documents\GitHub\Cocktail-Master\CocktailMaster\Debug\link.5216-cvtres.read.1.tlog
C:\Users\Ben\Documents\GitHub\Cocktail-Master\CocktailMaster\Debug\link.5216-cvtres.write.1.tlog
C:\Users\Ben\Documents\GitHub\Cocktail-Master\CocktailMaster\Debug\link.5216-rc.read.1.tlog
C:\Users\Ben\Documents\GitHub\Cocktail-Master\CocktailMaster\Debug\link.5216-rc.write.1.tlog
C:\Users\Ben\Documents\GitHub\Cocktail-Master\CocktailMaster\Debug\link.5216.read.1.tlog
C:\Users\Ben\Documents\GitHub\Cocktail-Master\CocktailMaster\Debug\link.5216.write.1.tlog
C:\Users\Ben\Documents\GitHub\Cocktail-Master\CocktailMaster\Debug\link.5236-cvtres.read.1.tlog
C:\Users\Ben\Documents\GitHub\Cocktail-Master\CocktailMaster\Debug\link.5236-cvtres.write.1.tlog
C:\Users\Ben\Documents\GitHub\Cocktail-Master\CocktailMaster\Debug\link.5236-rc.read.1.tlog
C:\Users\Ben\Documents\GitHub\Cocktail-Master\CocktailMaster\Debug\link.5236-rc.write.1.tlog
C:\Users\Ben\Documents\GitHub\Cocktail-Master\CocktailMaster\Debug\link.5236.read.1.tlog
C:\Users\Ben\Documents\GitHub\Cocktail-Master\CocktailMaster\Debug\link.5236.write.1.tlog
C:\Users\Ben\Documents\GitHub\Cocktail-Master\CocktailMaster\Debug\link.5484-cvtres.read.1.tlog
C:\Users\Ben\Documents\GitHub\Cocktail-Master\CocktailMaster\Debug\link.5484-cvtres.write.1.tlog
C:\Users\Ben\Documents\GitHub\Cocktail-Master\CocktailMaster\Debug\link.5484-rc.read.1.tlog
C:\Users\Ben\Documents\GitHub\Cocktail-Master\CocktailMaster\Debug\link.5484-rc.write.1.tlog
C:\Users\Ben\Documents\GitHub\Cocktail-Master\CocktailMaster\Debug\link.5484.read.1.tlog
C:\Users\Ben\Documents\GitHub\Cocktail-Master\CocktailMaster\Debug\link.5484.write.1.tlog
C:\Users\Ben\Documents\GitHub\Cocktail-Master\CocktailMaster\Debug\link.5544-cvtres.read.1.tlog
C:\Users\Ben\Documents\GitHub\Cocktail-Master\CocktailMaster\Debug\link.5544-cvtres.write.1.tlog
C:\Users\Ben\Documents\GitHub\Cocktail-Master\CocktailMaster\Debug\link.5544-rc.read.1.tlog
C:\Users\Ben\Documents\GitHub\Cocktail-Master\CocktailMaster\Debug\link.5544-rc.write.1.tlog
C:\Users\Ben\Documents\GitHub\Cocktail-Master\CocktailMaster\Debug\link.5544.read.1.tlog
C:\Users\Ben\Documents\GitHub\Cocktail-Master\CocktailMaster\Debug\link.5544.write.1.tlog
C:\Users\Ben\Documents\GitHub\Cocktail-Master\CocktailMaster\Debug\link.5860-cvtres.read.1.tlog
C:\Users\Ben\Documents\GitHub\Cocktail-Master\CocktailMaster\Debug\link.5860-cvtres.write.1.tlog
C:\Users\Ben\Documents\GitHub\Cocktail-Master\CocktailMaster\Debug\link.5860-rc.read.1.tlog
C:\Users\Ben\Documents\GitHub\Cocktail-Master\CocktailMaster\Debug\link.5860-rc.write.1.tlog
C:\Users\Ben\Documents\GitHub\Cocktail-Master\CocktailMaster\Debug\link.5860.read.1.tlog
C:\Users\Ben\Documents\GitHub\Cocktail-Master\CocktailMaster\Debug\link.5860.write.1.tlog
C:\Users\Ben\Documents\GitHub\Cocktail-Master\CocktailMaster\Debug\link.6408-cvtres.read.1.tlog
C:\Users\Ben\Documents\GitHub\Cocktail-Master\CocktailMaster\Debug\link.6408-cvtres.write.1.tlog
C:\Users\Ben\Documents\GitHub\Cocktail-Master\CocktailMaster\Debug\link.6408-rc.read.1.tlog
C:\Users\Ben\Documents\GitHub\Cocktail-Master\CocktailMaster\Debug\link.6408-rc.write.1.tlog
C:\Users\Ben\Documents\GitHub\Cocktail-Master\CocktailMaster\Debug\link.6408.read.1.tlog
C:\Users\Ben\Documents\GitHub\Cocktail-Master\CocktailMaster\Debug\link.6408.write.1.tlog
C:\Users\Ben\Documents\GitHub\Cocktail-Master\CocktailMaster\Debug\link.6516-cvtres.read.1.tlog
C:\Users\Ben\Documents\GitHub\Cocktail-Master\CocktailMaster\Debug\link.6516-cvtres.write.1.tlog
C:\Users\Ben\Documents\GitHub\Cocktail-Master\CocktailMaster\Debug\link.6516-rc.read.1.tlog
C:\Users\Ben\Documents\GitHub\Cocktail-Master\CocktailMaster\Debug\link.6516-rc.write.1.tlog
C:\Users\Ben\Documents\GitHub\Cocktail-Master\CocktailMaster\Debug\link.6516.read.1.tlog
C:\Users\Ben\Documents\GitHub\Cocktail-Master\CocktailMaster\Debug\link.6516.write.1.tlog
C:\Users\Ben\Documents\GitHub\Cocktail-Master\CocktailMaster\Debug\link.6888-cvtres.read.1.tlog
C:\Users\Ben\Documents\GitHub\Cocktail-Master\CocktailMaster\Debug\link.6888-cvtres.write.1.tlog
C:\Users\Ben\Documents\GitHub\Cocktail-Master\CocktailMaster\Debug\link.6888-rc.read.1.tlog
C:\Users\Ben\Documents\GitHub\Cocktail-Master\CocktailMaster\Debug\link.6888-rc.write.1.tlog
C:\Users\Ben\Documents\GitHub\Cocktail-Master\CocktailMaster\Debug\link.6888.read.1.tlog
C:\Users\Ben\Documents\GitHub\Cocktail-Master\CocktailMaster\Debug\link.6888.write.1.tlog
C:\Users\Ben\Documents\GitHub\Cocktail-Master\CocktailMaster\Debug\link.7936-cvtres.read.1.tlog
C:\Users\Ben\Documents\GitHub\Cocktail-Master\CocktailMaster\Debug\link.7936-cvtres.write.1.tlog
C:\Users\Ben\Documents\GitHub\Cocktail-Master\CocktailMaster\Debug\link.7936-rc.read.1.tlog
C:\Users\Ben\Documents\GitHub\Cocktail-Master\CocktailMaster\Debug\link.7936-rc.write.1.tlog
C:\Users\Ben\Documents\GitHub\Cocktail-Master\CocktailMaster\Debug\link.7936.read.1.tlog
C:\Users\Ben\Documents\GitHub\Cocktail-Master\CocktailMaster\Debug\link.7936.write.1.tlog
C:\Users\Ben\Documents\GitHub\Cocktail-Master\CocktailMaster\Debug\link.command.1.tlog
C:\Users\Ben\Documents\GitHub\Cocktail-Master\CocktailMaster\Debug\link.read.1.tlog
C:\Users\Ben\Documents\GitHub\Cocktail-Master\CocktailMaster\Debug\link.write.1.tlog
C:\Users\Ben\Documents\GitHub\Cocktail-Master\CocktailMaster\Debug\vc110.idb
C:\Users\Ben\Documents\GitHub\Cocktail-Master\CocktailMaster\Debug\vc110.pdb
C:\Users\Ben\Documents\GitHub\Cocktail-Master\Debug\CocktailMaster.pdb
C:\Users\Ben\Documents\GitHub\Cocktail-Master\Debug\CocktailMaster.exe
C:\Users\Ben\Documents\GitHub\Cocktail-Master\Debug\CocktailMaster.ilk
