C:\USERS\BEN\DOCUMENTS\GITHUB\COCKTAIL-MASTER\COCKTAILMASTER\DATAANALYSIS\DATAANALYSIS\RELEASE\SOURCE.OBJ
C:\USERS\BEN\DOCUMENTS\GITHUB\COCKTAIL-MASTER\COCKTAILMASTER\DATAANALYSIS\DATAANALYSIS\RELEASE\RECIPE.OBJ
C:\USERS\BEN\DOCUMENTS\GITHUB\COCKTAIL-MASTER\COCKTAILMASTER\DATAANALYSIS\DATAANALYSIS\RELEASE\INGREDIENT.OBJ
C:\USERS\BEN\DOCUMENTS\GITHUB\COCKTAIL-MASTER\COCKTAILMASTER\DATAANALYSIS\DATAANALYSIS\RELEASE\VC110.PDB
C:\USERS\BEN\DOCUMENTS\GITHUB\COCKTAIL-MASTER\COCKTAILMASTER\DATAANALYSIS\RELEASE\DATAANALYSIS.EXE
C:\USERS\BEN\DOCUMENTS\GITHUB\COCKTAIL-MASTER\COCKTAILMASTER\DATAANALYSIS\RELEASE\DATAANALYSIS.PDB
C:\Users\Ben\Documents\GitHub\Cocktail-Master\CocktailMaster\DataAnalysis\DataAnalysis\Release\Ingredient.obj
C:\Users\Ben\Documents\GitHub\Cocktail-Master\CocktailMaster\DataAnalysis\DataAnalysis\Release\Recipe.obj
C:\Users\Ben\Documents\GitHub\Cocktail-Master\CocktailMaster\DataAnalysis\DataAnalysis\Release\Source.obj
C:\Users\Ben\Documents\GitHub\Cocktail-Master\CocktailMaster\DataAnalysis\DataAnalysis\Release\cl.command.1.tlog
C:\Users\Ben\Documents\GitHub\Cocktail-Master\CocktailMaster\DataAnalysis\DataAnalysis\Release\CL.read.1.tlog
C:\Users\Ben\Documents\GitHub\Cocktail-Master\CocktailMaster\DataAnalysis\DataAnalysis\Release\CL.write.1.tlog
C:\Users\Ben\Documents\GitHub\Cocktail-Master\CocktailMaster\DataAnalysis\DataAnalysis\Release\link-cvtres.read.1.tlog
C:\Users\Ben\Documents\GitHub\Cocktail-Master\CocktailMaster\DataAnalysis\DataAnalysis\Release\link-cvtres.write.1.tlog
C:\Users\Ben\Documents\GitHub\Cocktail-Master\CocktailMaster\DataAnalysis\DataAnalysis\Release\link-rc.read.1.tlog
C:\Users\Ben\Documents\GitHub\Cocktail-Master\CocktailMaster\DataAnalysis\DataAnalysis\Release\link-rc.write.1.tlog
C:\Users\Ben\Documents\GitHub\Cocktail-Master\CocktailMaster\DataAnalysis\DataAnalysis\Release\link.command.1.tlog
C:\Users\Ben\Documents\GitHub\Cocktail-Master\CocktailMaster\DataAnalysis\DataAnalysis\Release\link.read.1.tlog
C:\Users\Ben\Documents\GitHub\Cocktail-Master\CocktailMaster\DataAnalysis\DataAnalysis\Release\link.write.1.tlog
C:\Users\Ben\Documents\GitHub\Cocktail-Master\CocktailMaster\DataAnalysis\DataAnalysis\Release\vc110.pdb
C:\Users\Ben\Documents\GitHub\Cocktail-Master\CocktailMaster\DataAnalysis\Release\DataAnalysis.pdb
C:\Users\Ben\Documents\GitHub\Cocktail-Master\CocktailMaster\DataAnalysis\Release\DataAnalysis.exe
